# JRE version: OpenJDK Runtime Environment Temurin-17.0.12+7 (17.0.12+7) (build 17.0.12+7)
# Java VM: OpenJDK 64-Bit Server VM Temurin-17.0.12+7 (17.0.12+7, mixed mode, sharing, tiered, compressed oops, compressed class ptrs, g1 gc, linux-amd64)
Heap:
 garbage-first heap   total 238592K, used 14841K [0x0000000083e00000, 0x0000000100000000)
  region size 1024K, 4 young (4096K), 2 survivors (2048K)
 Metaspace       used 14072K, committed 14336K, reserved 1114112K
  class space    used 1712K, committed 1856K, reserved 1048576K
GC Heap History (18 events):
Event: 0.462 GC heap before
{Heap before GC invocations=0 (full 0):
 garbage-first heap   total 131072K, used 29616K [0x0000000083e00000, 0x0000000100000000)
  region size 1024K, 23 young (23552K), 0 survivors (0K)
 Metaspace       used 5979K, committed 6144K, reserved 1114112K
  class space    used 753K, committed 832K, reserved 1048576K
}
Event: 0.467 GC heap after
{Heap after GC invocations=1 (full 0):
 garbage-first heap   total 131072K, used 10706K [0x0000000083e00000, 0x0000000100000000)
  region size 1024K, 3 young (3072K), 3 survivors (3072K)
 Metaspace       used 5979K, committed 6144K, reserved 1114112K
  class space    used 753K, committed 832K, reserved 1048576K
}
Event: 13.272 GC heap before
{Heap before GC invocations=1 (full 0):
 garbage-first heap   total 131072K, used 39378K [0x0000000083e00000, 0x0000000100000000)
  region size 1024K, 31 young (31744K), 3 survivors (3072K)
 Metaspace       used 11980K, committed 12160K, reserved 1114112K
  class space    used 1474K, committed 1536K, reserved 1048576K
}
Event: 13.284 GC heap after
{Heap after GC invocations=2 (full 0):
 garbage-first heap   total 131072K, used 11905K [0x0000000083e00000, 0x0000000100000000)
  region size 1024K, 2 young (2048K), 2 survivors (2048K)
 Metaspace       used 11980K, committed 12160K, reserved 1114112K
  class space    used 1474K, committed 1536K, reserved 1048576K
}
Event: 13.989 GC heap before
{Heap before GC invocations=2 (full 0):
 garbage-first heap   total 131072K, used 86657K [0x0000000083e00000, 0x0000000100000000)
  region size 1024K, 75 young (76800K), 2 survivors (2048K)
 Metaspace       used 12902K, committed 13184K, reserved 1114112K
  class space    used 1585K, committed 1728K, reserved 1048576K
}
Event: 13.993 GC heap after
{Heap after GC invocations=3 (full 0):
 garbage-first heap   total 131072K, used 12069K [0x0000000083e00000, 0x0000000100000000)
  region size 1024K, 2 young (2048K), 2 survivors (2048K)
 Metaspace       used 12902K, committed 13184K, reserved 1114112K
  class space    used 1585K, committed 1728K, reserved 1048576K
}
Event: 14.486 GC heap before
{Heap before GC invocations=3 (full 0):
 garbage-first heap   total 131072K, used 86821K [0x0000000083e00000, 0x0000000100000000)
  region size 1024K, 75 young (76800K), 2 survivors (2048K)
 Metaspace       used 13018K, committed 13248K, reserved 1114112K
  class space    used 1588K, committed 1728K, reserved 1048576K
}
Event: 14.490 GC heap after
{Heap after GC invocations=4 (full 0):
 garbage-first heap   total 131072K, used 12097K [0x0000000083e00000, 0x0000000100000000)
  region size 1024K, 2 young (2048K), 2 survivors (2048K)
 Metaspace       used 13018K, committed 13248K, reserved 1114112K
  class space    used 1588K, committed 1728K, reserved 1048576K
}
Event: 17.748 GC heap before
{Heap before GC invocations=4 (full 0):
 garbage-first heap   total 131072K, used 85825K [0x0000000083e00000, 0x0000000100000000)
  region size 1024K, 75 young (76800K), 2 survivors (2048K)
 Metaspace       used 13945K, committed 14144K, reserved 1114112K
  class space    used 1707K, committed 1792K, reserved 1048576K
}
Event: 17.762 GC heap after
{Heap after GC invocations=5 (full 0):
 garbage-first heap   total 131072K, used 13606K [0x0000000083e00000, 0x0000000100000000)
  region size 1024K, 3 young (3072K), 3 survivors (3072K)
 Metaspace       used 13945K, committed 14144K, reserved 1114112K
  class space    used 1707K, committed 1792K, reserved 1048576K
}
Event: 17.909 GC heap before
{Heap before GC invocations=5 (full 0):
 garbage-first heap   total 131072K, used 86310K [0x0000000083e00000, 0x0000000100000000)
  region size 1024K, 75 young (76800K), 3 survivors (3072K)
 Metaspace       used 13984K, committed 14208K, reserved 1114112K
  class space    used 1707K, committed 1792K, reserved 1048576K
}
Event: 17.919 GC heap after
{Heap after GC invocations=6 (full 0):
 garbage-first heap   total 131072K, used 16813K [0x0000000083e00000, 0x0000000100000000)
  region size 1024K, 6 young (6144K), 6 survivors (6144K)
 Metaspace       used 13984K, committed 14208K, reserved 1114112K
  class space    used 1707K, committed 1792K, reserved 1048576K
}
Event: 18.027 GC heap before
{Heap before GC invocations=6 (full 0):
 garbage-first heap   total 131072K, used 86445K [0x0000000083e00000, 0x0000000100000000)
  region size 1024K, 75 young (76800K), 6 survivors (6144K)
 Metaspace       used 13988K, committed 14208K, reserved 1114112K
  class space    used 1707K, committed 1792K, reserved 1048576K
}
Event: 18.041 GC heap after
{Heap after GC invocations=7 (full 0):
 garbage-first heap   total 131072K, used 14930K [0x0000000083e00000, 0x0000000100000000)
  region size 1024K, 4 young (4096K), 4 survivors (4096K)
 Metaspace       used 13988K, committed 14208K, reserved 1114112K
  class space    used 1707K, committed 1792K, reserved 1048576K
}
Event: 18.195 GC heap before
{Heap before GC invocations=7 (full 0):
 garbage-first heap   total 131072K, used 86610K [0x0000000083e00000, 0x0000000100000000)
  region size 1024K, 75 young (76800K), 4 survivors (4096K)
 Metaspace       used 13997K, committed 14208K, reserved 1114112K
  class space    used 1707K, committed 1792K, reserved 1048576K
}
Event: 18.213 GC heap after
{Heap after GC invocations=8 (full 0):
 garbage-first heap   total 131072K, used 14342K [0x0000000083e00000, 0x0000000100000000)
  region size 1024K, 3 young (3072K), 3 survivors (3072K)
 Metaspace       used 13997K, committed 14208K, reserved 1114112K
  class space    used 1707K, committed 1792K, reserved 1048576K
}
Event: 18.360 GC heap before
{Heap before GC invocations=8 (full 0):
 garbage-first heap   total 131072K, used 87046K [0x0000000083e00000, 0x0000000100000000)
  region size 1024K, 75 young (76800K), 3 survivors (3072K)
 Metaspace       used 14019K, committed 14208K, reserved 1114112K
  class space    used 1707K, committed 1792K, reserved 1048576K
}
Event: 18.365 GC heap after
{Heap after GC invocations=9 (full 0):
 garbage-first heap   total 238592K, used 14138K [0x0000000083e00000, 0x0000000100000000)
  region size 1024K, 3 young (3072K), 3 survivors (3072K)
 Metaspace       used 14019K, committed 14208K, reserved 1114112K
  class space    used 1707K, committed 1792K, reserved 1048576K
}

