# JRE version: OpenJDK Runtime Environment Temurin-17.0.12+7 (17.0.12+7) (build 17.0.12+7)
# Java VM: OpenJDK 64-Bit Server VM Temurin-17.0.12+7 (17.0.12+7, mixed mode, sharing, tiered, compressed oops, compressed class ptrs, g1 gc, linux-amd64)
Heap:
 garbage-first heap   total 230400K, used 18693K [0x0000000083e00000, 0x0000000100000000)
  region size 1024K, 9 young (9216K), 4 survivors (4096K)
 Metaspace       used 14027K, committed 14272K, reserved 1114112K
  class space    used 1712K, committed 1856K, reserved 1048576K
GC Heap History (18 events):
Event: 0.446 GC heap before
{Heap before GC invocations=0 (full 0):
 garbage-first heap   total 131072K, used 29616K [0x0000000083e00000, 0x0000000100000000)
  region size 1024K, 23 young (23552K), 0 survivors (0K)
 Metaspace       used 5979K, committed 6144K, reserved 1114112K
  class space    used 753K, committed 832K, reserved 1048576K
}
Event: 0.450 GC heap after
{Heap after GC invocations=1 (full 0):
 garbage-first heap   total 131072K, used 10809K [0x0000000083e00000, 0x0000000100000000)
  region size 1024K, 3 young (3072K), 3 survivors (3072K)
 Metaspace       used 5979K, committed 6144K, reserved 1114112K
  class space    used 753K, committed 832K, reserved 1048576K
}
Event: 20.690 GC heap before
{Heap before GC invocations=1 (full 0):
 garbage-first heap   total 131072K, used 38457K [0x0000000083e00000, 0x0000000100000000)
  region size 1024K, 31 young (31744K), 3 survivors (3072K)
 Metaspace       used 11988K, committed 12160K, reserved 1114112K
  class space    used 1474K, committed 1536K, reserved 1048576K
}
Event: 20.695 GC heap after
{Heap after GC invocations=2 (full 0):
 garbage-first heap   total 131072K, used 11888K [0x0000000083e00000, 0x0000000100000000)
  region size 1024K, 2 young (2048K), 2 survivors (2048K)
 Metaspace       used 11988K, committed 12160K, reserved 1114112K
  class space    used 1474K, committed 1536K, reserved 1048576K
}
Event: 22.160 GC heap before
{Heap before GC invocations=2 (full 0):
 garbage-first heap   total 131072K, used 86640K [0x0000000083e00000, 0x0000000100000000)
  region size 1024K, 75 young (76800K), 2 survivors (2048K)
 Metaspace       used 12930K, committed 13184K, reserved 1114112K
  class space    used 1588K, committed 1728K, reserved 1048576K
}
Event: 22.164 GC heap after
{Heap after GC invocations=3 (full 0):
 garbage-first heap   total 131072K, used 12079K [0x0000000083e00000, 0x0000000100000000)
  region size 1024K, 2 young (2048K), 2 survivors (2048K)
 Metaspace       used 12930K, committed 13184K, reserved 1114112K
  class space    used 1588K, committed 1728K, reserved 1048576K
}
Event: 22.965 GC heap before
{Heap before GC invocations=3 (full 0):
 garbage-first heap   total 131072K, used 86831K [0x0000000083e00000, 0x0000000100000000)
  region size 1024K, 75 young (76800K), 2 survivors (2048K)
 Metaspace       used 13018K, committed 13248K, reserved 1114112K
  class space    used 1588K, committed 1728K, reserved 1048576K
}
Event: 22.984 GC heap after
{Heap after GC invocations=4 (full 0):
 garbage-first heap   total 131072K, used 12076K [0x0000000083e00000, 0x0000000100000000)
  region size 1024K, 2 young (2048K), 2 survivors (2048K)
 Metaspace       used 13018K, committed 13248K, reserved 1114112K
  class space    used 1588K, committed 1728K, reserved 1048576K
}
Event: 25.622 GC heap before
{Heap before GC invocations=4 (full 0):
 garbage-first heap   total 131072K, used 85804K [0x0000000083e00000, 0x0000000100000000)
  region size 1024K, 75 young (76800K), 2 survivors (2048K)
 Metaspace       used 13905K, committed 14080K, reserved 1114112K
  class space    used 1707K, committed 1792K, reserved 1048576K
}
Event: 25.633 GC heap after
{Heap after GC invocations=5 (full 0):
 garbage-first heap   total 131072K, used 14684K [0x0000000083e00000, 0x0000000100000000)
  region size 1024K, 4 young (4096K), 4 survivors (4096K)
 Metaspace       used 13905K, committed 14080K, reserved 1114112K
  class space    used 1707K, committed 1792K, reserved 1048576K
}
Event: 25.788 GC heap before
{Heap before GC invocations=5 (full 0):
 garbage-first heap   total 131072K, used 86364K [0x0000000083e00000, 0x0000000100000000)
  region size 1024K, 75 young (76800K), 4 survivors (4096K)
 Metaspace       used 13943K, committed 14144K, reserved 1114112K
  class space    used 1707K, committed 1792K, reserved 1048576K
}
Event: 25.797 GC heap after
{Heap after GC invocations=6 (full 0):
 garbage-first heap   total 131072K, used 14869K [0x0000000083e00000, 0x0000000100000000)
  region size 1024K, 4 young (4096K), 4 survivors (4096K)
 Metaspace       used 13943K, committed 14144K, reserved 1114112K
  class space    used 1707K, committed 1792K, reserved 1048576K
}
Event: 25.882 GC heap before
{Heap before GC invocations=6 (full 0):
 garbage-first heap   total 131072K, used 86549K [0x0000000083e00000, 0x0000000100000000)
  region size 1024K, 75 young (76800K), 4 survivors (4096K)
 Metaspace       used 13949K, committed 14208K, reserved 1114112K
  class space    used 1707K, committed 1792K, reserved 1048576K
}
Event: 25.887 GC heap after
{Heap after GC invocations=7 (full 0):
 garbage-first heap   total 131072K, used 15178K [0x0000000083e00000, 0x0000000100000000)
  region size 1024K, 5 young (5120K), 5 survivors (5120K)
 Metaspace       used 13949K, committed 14208K, reserved 1114112K
  class space    used 1707K, committed 1792K, reserved 1048576K
}
Event: 26.006 GC heap before
{Heap before GC invocations=7 (full 0):
 garbage-first heap   total 131072K, used 85834K [0x0000000083e00000, 0x0000000100000000)
  region size 1024K, 75 young (76800K), 5 survivors (5120K)
 Metaspace       used 13958K, committed 14208K, reserved 1114112K
  class space    used 1707K, committed 1792K, reserved 1048576K
}
Event: 26.026 GC heap after
{Heap after GC invocations=8 (full 0):
 garbage-first heap   total 131072K, used 13955K [0x0000000083e00000, 0x0000000100000000)
  region size 1024K, 4 young (4096K), 4 survivors (4096K)
 Metaspace       used 13958K, committed 14208K, reserved 1114112K
  class space    used 1707K, committed 1792K, reserved 1048576K
}
Event: 26.177 GC heap before
{Heap before GC invocations=8 (full 0):
 garbage-first heap   total 131072K, used 85635K [0x0000000083e00000, 0x0000000100000000)
  region size 1024K, 75 young (76800K), 4 survivors (4096K)
 Metaspace       used 13976K, committed 14208K, reserved 1114112K
  class space    used 1707K, committed 1792K, reserved 1048576K
}
Event: 26.202 GC heap after
{Heap after GC invocations=9 (full 0):
 garbage-first heap   total 230400K, used 14234K [0x0000000083e00000, 0x0000000100000000)
  region size 1024K, 4 young (4096K), 4 survivors (4096K)
 Metaspace       used 13976K, committed 14208K, reserved 1114112K
  class space    used 1707K, committed 1792K, reserved 1048576K
}

