# JRE version: OpenJDK Runtime Environment Temurin-17.0.12+7 (17.0.12+7) (build 17.0.12+7)
# Java VM: OpenJDK 64-Bit Server VM Temurin-17.0.12+7 (17.0.12+7, mixed mode, sharing, tiered, compressed oops, compressed class ptrs, g1 gc, linux-amd64)
Heap:
 garbage-first heap   total 197632K, used 47516K [0x0000000083e00000, 0x0000000100000000)
  region size 1024K, 37 young (37888K), 5 survivors (5120K)
 Metaspace       used 14004K, committed 14272K, reserved 1114112K
  class space    used 1712K, committed 1856K, reserved 1048576K
GC Heap History (18 events):
Event: 0.449 GC heap before
{Heap before GC invocations=0 (full 0):
 garbage-first heap   total 131072K, used 29616K [0x0000000083e00000, 0x0000000100000000)
  region size 1024K, 23 young (23552K), 0 survivors (0K)
 Metaspace       used 5977K, committed 6144K, reserved 1114112K
  class space    used 753K, committed 832K, reserved 1048576K
}
Event: 0.455 GC heap after
{Heap after GC invocations=1 (full 0):
 garbage-first heap   total 131072K, used 10815K [0x0000000083e00000, 0x0000000100000000)
  region size 1024K, 3 young (3072K), 3 survivors (3072K)
 Metaspace       used 5977K, committed 6144K, reserved 1114112K
  class space    used 753K, committed 832K, reserved 1048576K
}
Event: 17.563 GC heap before
{Heap before GC invocations=1 (full 0):
 garbage-first heap   total 131072K, used 38463K [0x0000000083e00000, 0x0000000100000000)
  region size 1024K, 31 young (31744K), 3 survivors (3072K)
 Metaspace       used 12099K, committed 12288K, reserved 1114112K
  class space    used 1486K, committed 1600K, reserved 1048576K
}
Event: 17.570 GC heap after
{Heap after GC invocations=2 (full 0):
 garbage-first heap   total 131072K, used 12046K [0x0000000083e00000, 0x0000000100000000)
  region size 1024K, 2 young (2048K), 2 survivors (2048K)
 Metaspace       used 12099K, committed 12288K, reserved 1114112K
  class space    used 1486K, committed 1600K, reserved 1048576K
}
Event: 26.685 GC heap before
{Heap before GC invocations=2 (full 0):
 garbage-first heap   total 131072K, used 86798K [0x0000000083e00000, 0x0000000100000000)
  region size 1024K, 75 young (76800K), 2 survivors (2048K)
 Metaspace       used 12956K, committed 13248K, reserved 1114112K
  class space    used 1588K, committed 1728K, reserved 1048576K
}
Event: 26.694 GC heap after
{Heap after GC invocations=3 (full 0):
 garbage-first heap   total 131072K, used 12202K [0x0000000083e00000, 0x0000000100000000)
  region size 1024K, 2 young (2048K), 2 survivors (2048K)
 Metaspace       used 12956K, committed 13248K, reserved 1114112K
  class space    used 1588K, committed 1728K, reserved 1048576K
}
Event: 33.285 GC heap before
{Heap before GC invocations=3 (full 0):
 garbage-first heap   total 131072K, used 85930K [0x0000000083e00000, 0x0000000100000000)
  region size 1024K, 75 young (76800K), 2 survivors (2048K)
 Metaspace       used 13872K, committed 14080K, reserved 1114112K
  class space    used 1707K, committed 1792K, reserved 1048576K
}
Event: 33.292 GC heap after
{Heap after GC invocations=4 (full 0):
 garbage-first heap   total 131072K, used 14352K [0x0000000083e00000, 0x0000000100000000)
  region size 1024K, 4 young (4096K), 4 survivors (4096K)
 Metaspace       used 13872K, committed 14080K, reserved 1114112K
  class space    used 1707K, committed 1792K, reserved 1048576K
}
Event: 33.441 GC heap before
{Heap before GC invocations=4 (full 0):
 garbage-first heap   total 131072K, used 86032K [0x0000000083e00000, 0x0000000100000000)
  region size 1024K, 75 young (76800K), 4 survivors (4096K)
 Metaspace       used 13910K, committed 14080K, reserved 1114112K
  class space    used 1707K, committed 1792K, reserved 1048576K
}
Event: 33.452 GC heap after
{Heap after GC invocations=5 (full 0):
 garbage-first heap   total 131072K, used 14675K [0x0000000083e00000, 0x0000000100000000)
  region size 1024K, 4 young (4096K), 4 survivors (4096K)
 Metaspace       used 13910K, committed 14080K, reserved 1114112K
  class space    used 1707K, committed 1792K, reserved 1048576K
}
Event: 33.577 GC heap before
{Heap before GC invocations=5 (full 0):
 garbage-first heap   total 131072K, used 86355K [0x0000000083e00000, 0x0000000100000000)
  region size 1024K, 75 young (76800K), 4 survivors (4096K)
 Metaspace       used 13917K, committed 14080K, reserved 1114112K
  class space    used 1707K, committed 1792K, reserved 1048576K
}
Event: 33.583 GC heap after
{Heap after GC invocations=6 (full 0):
 garbage-first heap   total 131072K, used 13299K [0x0000000083e00000, 0x0000000100000000)
  region size 1024K, 3 young (3072K), 3 survivors (3072K)
 Metaspace       used 13917K, committed 14080K, reserved 1114112K
  class space    used 1707K, committed 1792K, reserved 1048576K
}
Event: 33.704 GC heap before
{Heap before GC invocations=6 (full 0):
 garbage-first heap   total 131072K, used 86003K [0x0000000083e00000, 0x0000000100000000)
  region size 1024K, 75 young (76800K), 3 survivors (3072K)
 Metaspace       used 13928K, committed 14144K, reserved 1114112K
  class space    used 1707K, committed 1792K, reserved 1048576K
}
Event: 33.713 GC heap after
{Heap after GC invocations=7 (full 0):
 garbage-first heap   total 131072K, used 14406K [0x0000000083e00000, 0x0000000100000000)
  region size 1024K, 4 young (4096K), 4 survivors (4096K)
 Metaspace       used 13928K, committed 14144K, reserved 1114112K
  class space    used 1707K, committed 1792K, reserved 1048576K
}
Event: 33.848 GC heap before
{Heap before GC invocations=7 (full 0):
 garbage-first heap   total 131072K, used 86086K [0x0000000083e00000, 0x0000000100000000)
  region size 1024K, 75 young (76800K), 4 survivors (4096K)
 Metaspace       used 13942K, committed 14144K, reserved 1114112K
  class space    used 1707K, committed 1792K, reserved 1048576K
}
Event: 33.856 GC heap after
{Heap after GC invocations=8 (full 0):
 garbage-first heap   total 197632K, used 14160K [0x0000000083e00000, 0x0000000100000000)
  region size 1024K, 4 young (4096K), 4 survivors (4096K)
 Metaspace       used 13942K, committed 14144K, reserved 1114112K
  class space    used 1707K, committed 1792K, reserved 1048576K
}
Event: 34.369 GC heap before
{Heap before GC invocations=8 (full 0):
 garbage-first heap   total 197632K, used 126800K [0x0000000083e00000, 0x0000000100000000)
  region size 1024K, 115 young (117760K), 4 survivors (4096K)
 Metaspace       used 13967K, committed 14208K, reserved 1114112K
  class space    used 1707K, committed 1792K, reserved 1048576K
}
Event: 34.382 GC heap after
{Heap after GC invocations=9 (full 0):
 garbage-first heap   total 197632K, used 15258K [0x0000000083e00000, 0x0000000100000000)
  region size 1024K, 5 young (5120K), 5 survivors (5120K)
 Metaspace       used 13967K, committed 14208K, reserved 1114112K
  class space    used 1707K, committed 1792K, reserved 1048576K
}

